2018-05-10 08:43:05.133 [main] INFO  com.neighborhood.aka.laplace.estuary.web.App$:48 - Starting App. on liushouweideMBP.lan with PID 5543 (/Users/john_liu/IdeaProjects/estuary/target/classes started by john_liu in /Users/john_liu/IdeaProjects/estuary)
2018-05-10 08:43:05.137 [main] INFO  com.neighborhood.aka.laplace.estuary.web.App$:593 - No active profile set, falling back to default profiles: default
2018-05-10 08:43:05.246 [main] INFO  o.s.boot.context.embedded.AnnotationConfigEmbeddedWebApplicationContext:583 - Refreshing org.springframework.boot.context.embedded.AnnotationConfigEmbeddedWebApplicationContext@2b40ff9c: startup date [Thu May 10 08:43:05 CST 2018]; root of context hierarchy
2018-05-10 08:43:25.284 [main] INFO  com.neighborhood.aka.laplace.estuary.web.App$:48 - Starting App. on liushouweideMBP.lan with PID 5552 (/Users/john_liu/IdeaProjects/estuary/target/classes started by john_liu in /Users/john_liu/IdeaProjects/estuary)
2018-05-10 08:43:25.289 [main] INFO  com.neighborhood.aka.laplace.estuary.web.App$:593 - No active profile set, falling back to default profiles: default
2018-05-10 08:43:25.355 [main] INFO  o.s.boot.context.embedded.AnnotationConfigEmbeddedWebApplicationContext:583 - Refreshing org.springframework.boot.context.embedded.AnnotationConfigEmbeddedWebApplicationContext@2b40ff9c: startup date [Thu May 10 08:43:25 CST 2018]; root of context hierarchy
2018-05-10 08:47:58.771 [main] INFO  com.neighborhood.aka.laplace.estuary.web.App$:48 - Starting App. on liushouweideMBP.lan with PID 5612 (/Users/john_liu/IdeaProjects/estuary/target/classes started by john_liu in /Users/john_liu/IdeaProjects/estuary)
2018-05-10 08:47:58.775 [main] INFO  com.neighborhood.aka.laplace.estuary.web.App$:593 - No active profile set, falling back to default profiles: default
2018-05-10 08:47:58.856 [main] INFO  o.s.boot.context.embedded.AnnotationConfigEmbeddedWebApplicationContext:583 - Refreshing org.springframework.boot.context.embedded.AnnotationConfigEmbeddedWebApplicationContext@2b40ff9c: startup date [Thu May 10 08:47:58 CST 2018]; root of context hierarchy
2018-05-10 08:48:00.445 [main] INFO  org.springframework.boot.context.embedded.tomcat.TomcatEmbeddedServletContainer:89 - Tomcat initialized with port(s): 8889 (http)
2018-05-10 08:48:00.456 [main] INFO  org.apache.catalina.core.StandardService:179 - Starting service [Tomcat]
2018-05-10 08:48:00.458 [main] INFO  org.apache.catalina.core.StandardEngine:179 - Starting Servlet Engine: Apache Tomcat/8.5.16
2018-05-10 08:48:00.541 [localhost-startStop-1] INFO  org.apache.catalina.core.ContainerBase.[Tomcat].[localhost].[/]:179 - Initializing Spring embedded WebApplicationContext
2018-05-10 08:48:00.541 [localhost-startStop-1] INFO  org.springframework.web.context.ContextLoader:276 - Root WebApplicationContext: initialization completed in 1685 ms
2018-05-10 08:48:00.788 [localhost-startStop-1] INFO  org.springframework.boot.web.servlet.ServletRegistrationBean:190 - Mapping servlet: 'dispatcherServlet' to [/]
2018-05-10 08:48:00.801 [localhost-startStop-1] INFO  org.springframework.boot.web.servlet.FilterRegistrationBean:258 - Mapping filter: 'metricsFilter' to: [/*]
2018-05-10 08:48:00.801 [localhost-startStop-1] INFO  org.springframework.boot.web.servlet.FilterRegistrationBean:258 - Mapping filter: 'characterEncodingFilter' to: [/*]
2018-05-10 08:48:00.801 [localhost-startStop-1] INFO  org.springframework.boot.web.servlet.FilterRegistrationBean:258 - Mapping filter: 'hiddenHttpMethodFilter' to: [/*]
2018-05-10 08:48:00.802 [localhost-startStop-1] INFO  org.springframework.boot.web.servlet.FilterRegistrationBean:258 - Mapping filter: 'httpPutFormContentFilter' to: [/*]
2018-05-10 08:48:00.802 [localhost-startStop-1] INFO  org.springframework.boot.web.servlet.FilterRegistrationBean:258 - Mapping filter: 'requestContextFilter' to: [/*]
2018-05-10 08:48:00.802 [localhost-startStop-1] INFO  org.springframework.boot.web.servlet.FilterRegistrationBean:258 - Mapping filter: 'webRequestLoggingFilter' to: [/*]
2018-05-10 08:48:00.802 [localhost-startStop-1] INFO  org.springframework.boot.web.servlet.FilterRegistrationBean:258 - Mapping filter: 'applicationContextIdFilter' to: [/*]
2018-05-10 08:48:00.987 [main] WARN  o.s.boot.context.embedded.AnnotationConfigEmbeddedWebApplicationContext:551 - Exception encountered during context initialization - cancelling refresh attempt: org.springframework.beans.factory.BeanCreationException: Error creating bean with name 'mongoPersistence' defined in file [/Users/john_liu/IdeaProjects/estuary/target/classes/com/neighborhood/aka/laplace/estuary/web/dao/MongoPersistence.class]: Instantiation of bean failed; nested exception is org.springframework.beans.BeanInstantiationException: Failed to instantiate [com.neighborhood.aka.laplace.estuary.web.dao.MongoPersistence]: Constructor threw exception; nested exception is com.typesafe.config.ConfigException$Missing: No configuration setting found for key 'mongodb'
2018-05-10 08:48:00.989 [main] INFO  org.apache.catalina.core.StandardService:179 - Stopping service [Tomcat]
2018-05-10 08:48:01.006 [main] INFO  o.s.boot.autoconfigure.logging.AutoConfigurationReportLoggingInitializer:101 - 

Error starting ApplicationContext. To display the auto-configuration report re-run your application with 'debug' enabled.
2018-05-10 08:48:01.013 [main] ERROR org.springframework.boot.SpringApplication:771 - Application startup failed
org.springframework.beans.factory.BeanCreationException: Error creating bean with name 'mongoPersistence' defined in file [/Users/john_liu/IdeaProjects/estuary/target/classes/com/neighborhood/aka/laplace/estuary/web/dao/MongoPersistence.class]: Instantiation of bean failed; nested exception is org.springframework.beans.BeanInstantiationException: Failed to instantiate [com.neighborhood.aka.laplace.estuary.web.dao.MongoPersistence]: Constructor threw exception; nested exception is com.typesafe.config.ConfigException$Missing: No configuration setting found for key 'mongodb'
	at org.springframework.beans.factory.support.AbstractAutowireCapableBeanFactory.instantiateBean(AbstractAutowireCapableBeanFactory.java:1155)
	at org.springframework.beans.factory.support.AbstractAutowireCapableBeanFactory.createBeanInstance(AbstractAutowireCapableBeanFactory.java:1099)
	at org.springframework.beans.factory.support.AbstractAutowireCapableBeanFactory.doCreateBean(AbstractAutowireCapableBeanFactory.java:513)
	at org.springframework.beans.factory.support.AbstractAutowireCapableBeanFactory.createBean(AbstractAutowireCapableBeanFactory.java:483)
	at org.springframework.beans.factory.support.AbstractBeanFactory$1.getObject(AbstractBeanFactory.java:306)
	at org.springframework.beans.factory.support.DefaultSingletonBeanRegistry.getSingleton(DefaultSingletonBeanRegistry.java:230)
	at org.springframework.beans.factory.support.AbstractBeanFactory.doGetBean(AbstractBeanFactory.java:302)
	at org.springframework.beans.factory.support.AbstractBeanFactory.getBean(AbstractBeanFactory.java:197)
	at org.springframework.beans.factory.support.DefaultListableBeanFactory.preInstantiateSingletons(DefaultListableBeanFactory.java:761)
	at org.springframework.context.support.AbstractApplicationContext.finishBeanFactoryInitialization(AbstractApplicationContext.java:867)
	at org.springframework.context.support.AbstractApplicationContext.refresh(AbstractApplicationContext.java:543)
	at org.springframework.boot.context.embedded.EmbeddedWebApplicationContext.refresh(EmbeddedWebApplicationContext.java:122)
	at org.springframework.boot.SpringApplication.refresh(SpringApplication.java:693)
	at org.springframework.boot.SpringApplication.refreshContext(SpringApplication.java:360)
	at org.springframework.boot.SpringApplication.run(SpringApplication.java:303)
	at org.springframework.boot.SpringApplication.run(SpringApplication.java:1118)
	at org.springframework.boot.SpringApplication.run(SpringApplication.java:1107)
	at com.neighborhood.aka.laplace.estuary.web.App$.main(App.scala:26)
	at com.neighborhood.aka.laplace.estuary.web.App.main(App.scala)
Caused by: org.springframework.beans.BeanInstantiationException: Failed to instantiate [com.neighborhood.aka.laplace.estuary.web.dao.MongoPersistence]: Constructor threw exception; nested exception is com.typesafe.config.ConfigException$Missing: No configuration setting found for key 'mongodb'
	at org.springframework.beans.BeanUtils.instantiateClass(BeanUtils.java:154)
	at org.springframework.beans.factory.support.SimpleInstantiationStrategy.instantiate(SimpleInstantiationStrategy.java:89)
	at org.springframework.beans.factory.support.AbstractAutowireCapableBeanFactory.instantiateBean(AbstractAutowireCapableBeanFactory.java:1147)
	... 18 common frames omitted
Caused by: com.typesafe.config.ConfigException$Missing: No configuration setting found for key 'mongodb'
	at com.typesafe.config.impl.SimpleConfig.findKeyOrNull(SimpleConfig.java:152)
	at com.typesafe.config.impl.SimpleConfig.findKey(SimpleConfig.java:145)
	at com.typesafe.config.impl.SimpleConfig.findOrNull(SimpleConfig.java:172)
	at com.typesafe.config.impl.SimpleConfig.find(SimpleConfig.java:184)
	at com.typesafe.config.impl.SimpleConfig.find(SimpleConfig.java:189)
	at com.typesafe.config.impl.SimpleConfig.getString(SimpleConfig.java:246)
	at com.neighborhood.aka.laplace.estuary.web.utils.MongoUtils.<init>(MongoUtils.scala:8)
	at com.neighborhood.aka.laplace.estuary.web.dao.MongoPersistence.<init>(MongoPersistence.scala:16)
	at sun.reflect.NativeConstructorAccessorImpl.newInstance0(Native Method)
	at sun.reflect.NativeConstructorAccessorImpl.newInstance(NativeConstructorAccessorImpl.java:62)
	at sun.reflect.DelegatingConstructorAccessorImpl.newInstance(DelegatingConstructorAccessorImpl.java:45)
	at java.lang.reflect.Constructor.newInstance(Constructor.java:423)
	at org.springframework.beans.BeanUtils.instantiateClass(BeanUtils.java:142)
	... 20 common frames omitted
