2018-05-10 08:48:01.013 [main] ERROR org.springframework.boot.SpringApplication:771 - Application startup failed
org.springframework.beans.factory.BeanCreationException: Error creating bean with name 'mongoPersistence' defined in file [/Users/john_liu/IdeaProjects/estuary/target/classes/com/neighborhood/aka/laplace/estuary/web/dao/MongoPersistence.class]: Instantiation of bean failed; nested exception is org.springframework.beans.BeanInstantiationException: Failed to instantiate [com.neighborhood.aka.laplace.estuary.web.dao.MongoPersistence]: Constructor threw exception; nested exception is com.typesafe.config.ConfigException$Missing: No configuration setting found for key 'mongodb'
	at org.springframework.beans.factory.support.AbstractAutowireCapableBeanFactory.instantiateBean(AbstractAutowireCapableBeanFactory.java:1155)
	at org.springframework.beans.factory.support.AbstractAutowireCapableBeanFactory.createBeanInstance(AbstractAutowireCapableBeanFactory.java:1099)
	at org.springframework.beans.factory.support.AbstractAutowireCapableBeanFactory.doCreateBean(AbstractAutowireCapableBeanFactory.java:513)
	at org.springframework.beans.factory.support.AbstractAutowireCapableBeanFactory.createBean(AbstractAutowireCapableBeanFactory.java:483)
	at org.springframework.beans.factory.support.AbstractBeanFactory$1.getObject(AbstractBeanFactory.java:306)
	at org.springframework.beans.factory.support.DefaultSingletonBeanRegistry.getSingleton(DefaultSingletonBeanRegistry.java:230)
	at org.springframework.beans.factory.support.AbstractBeanFactory.doGetBean(AbstractBeanFactory.java:302)
	at org.springframework.beans.factory.support.AbstractBeanFactory.getBean(AbstractBeanFactory.java:197)
	at org.springframework.beans.factory.support.DefaultListableBeanFactory.preInstantiateSingletons(DefaultListableBeanFactory.java:761)
	at org.springframework.context.support.AbstractApplicationContext.finishBeanFactoryInitialization(AbstractApplicationContext.java:867)
	at org.springframework.context.support.AbstractApplicationContext.refresh(AbstractApplicationContext.java:543)
	at org.springframework.boot.context.embedded.EmbeddedWebApplicationContext.refresh(EmbeddedWebApplicationContext.java:122)
	at org.springframework.boot.SpringApplication.refresh(SpringApplication.java:693)
	at org.springframework.boot.SpringApplication.refreshContext(SpringApplication.java:360)
	at org.springframework.boot.SpringApplication.run(SpringApplication.java:303)
	at org.springframework.boot.SpringApplication.run(SpringApplication.java:1118)
	at org.springframework.boot.SpringApplication.run(SpringApplication.java:1107)
	at com.neighborhood.aka.laplace.estuary.web.App$.main(App.scala:26)
	at com.neighborhood.aka.laplace.estuary.web.App.main(App.scala)
Caused by: org.springframework.beans.BeanInstantiationException: Failed to instantiate [com.neighborhood.aka.laplace.estuary.web.dao.MongoPersistence]: Constructor threw exception; nested exception is com.typesafe.config.ConfigException$Missing: No configuration setting found for key 'mongodb'
	at org.springframework.beans.BeanUtils.instantiateClass(BeanUtils.java:154)
	at org.springframework.beans.factory.support.SimpleInstantiationStrategy.instantiate(SimpleInstantiationStrategy.java:89)
	at org.springframework.beans.factory.support.AbstractAutowireCapableBeanFactory.instantiateBean(AbstractAutowireCapableBeanFactory.java:1147)
	... 18 common frames omitted
Caused by: com.typesafe.config.ConfigException$Missing: No configuration setting found for key 'mongodb'
	at com.typesafe.config.impl.SimpleConfig.findKeyOrNull(SimpleConfig.java:152)
	at com.typesafe.config.impl.SimpleConfig.findKey(SimpleConfig.java:145)
	at com.typesafe.config.impl.SimpleConfig.findOrNull(SimpleConfig.java:172)
	at com.typesafe.config.impl.SimpleConfig.find(SimpleConfig.java:184)
	at com.typesafe.config.impl.SimpleConfig.find(SimpleConfig.java:189)
	at com.typesafe.config.impl.SimpleConfig.getString(SimpleConfig.java:246)
	at com.neighborhood.aka.laplace.estuary.web.utils.MongoUtils.<init>(MongoUtils.scala:8)
	at com.neighborhood.aka.laplace.estuary.web.dao.MongoPersistence.<init>(MongoPersistence.scala:16)
	at sun.reflect.NativeConstructorAccessorImpl.newInstance0(Native Method)
	at sun.reflect.NativeConstructorAccessorImpl.newInstance(NativeConstructorAccessorImpl.java:62)
	at sun.reflect.DelegatingConstructorAccessorImpl.newInstance(DelegatingConstructorAccessorImpl.java:45)
	at java.lang.reflect.Constructor.newInstance(Constructor.java:423)
	at org.springframework.beans.BeanUtils.instantiateClass(BeanUtils.java:142)
	... 20 common frames omitted
